I, [2021-11-06T21:48:23.617166 #11734]  INFO -- : Registered expected interaction GET /tasks/getall
D, [2021-11-06T21:48:23.617384 #11734] DEBUG -- : {
  "description": "A request for get all tasks",
  "providerState": "i have not empty tasks",
  "request": {
    "method": "GET",
    "path": "/tasks/getall"
  },
  "response": {
    "status": 200,
    "headers": {
    },
    "body": {
      "success": true,
      "message": {
        "json_class": "Pact::SomethingLike",
        "contents": ""
      },
      "data": {
        "todolist": {
          "json_class": "Pact::SomethingLike",
          "contents": [
            {
              "id": {
                "json_class": "Pact::SomethingLike",
                "contents": "1"
              },
              "name": {
                "json_class": "Pact::SomethingLike",
                "contents": "Buy some milk"
              }
            },
            {
              "id": {
                "json_class": "Pact::SomethingLike",
                "contents": "2"
              },
              "name": {
                "json_class": "Pact::SomethingLike",
                "contents": "Visit parents"
              }
            },
            {
              "id": {
                "json_class": "Pact::SomethingLike",
                "contents": "3"
              },
              "name": {
                "json_class": "Pact::SomethingLike",
                "contents": "Do homewoks"
              }
            }
          ]
        }
      }
    }
  },
  "metadata": null
}
I, [2021-11-06T21:48:23.633455 #11734]  INFO -- : Received request GET /tasks/getall
D, [2021-11-06T21:48:23.633589 #11734] DEBUG -- : {
  "path": "/tasks/getall",
  "query": "",
  "method": "get",
  "headers": {
    "Accept": "application/json, text/plain, */*",
    "Referer": "http://localhost/",
    "User-Agent": "Mozilla/5.0 (darwin) AppleWebKit/537.36 (KHTML, like Gecko) jsdom/15.2.1",
    "Accept-Language": "en",
    "Origin": "http://localhost",
    "Host": "localhost:9001",
    "Accept-Encoding": "gzip, deflate",
    "Connection": "keep-alive",
    "Version": "HTTP/1.1"
  }
}
I, [2021-11-06T21:48:23.633877 #11734]  INFO -- : Found matching response for GET /tasks/getall
D, [2021-11-06T21:48:23.634028 #11734] DEBUG -- : {
  "status": 200,
  "headers": {
  },
  "body": {
    "success": true,
    "message": {
      "json_class": "Pact::SomethingLike",
      "contents": ""
    },
    "data": {
      "todolist": {
        "json_class": "Pact::SomethingLike",
        "contents": [
          {
            "id": {
              "json_class": "Pact::SomethingLike",
              "contents": "1"
            },
            "name": {
              "json_class": "Pact::SomethingLike",
              "contents": "Buy some milk"
            }
          },
          {
            "id": {
              "json_class": "Pact::SomethingLike",
              "contents": "2"
            },
            "name": {
              "json_class": "Pact::SomethingLike",
              "contents": "Visit parents"
            }
          },
          {
            "id": {
              "json_class": "Pact::SomethingLike",
              "contents": "3"
            },
            "name": {
              "json_class": "Pact::SomethingLike",
              "contents": "Do homewoks"
            }
          }
        ]
      }
    }
  }
}
I, [2021-11-06T21:48:23.655316 #11734]  INFO -- : Verifying - interactions matched
I, [2021-11-06T21:48:23.659048 #11734]  INFO -- : Cleared interactions
I, [2021-11-06T21:48:23.664037 #11734]  INFO -- : Registered expected interaction POST /tasks/add
D, [2021-11-06T21:48:23.664199 #11734] DEBUG -- : {
  "description": "A request for add new task",
  "providerState": "i have a task",
  "request": {
    "method": "POST",
    "path": "/tasks/add",
    "body": {
      "name": "Buy some milk"
    }
  },
  "response": {
    "status": 201,
    "headers": {
    },
    "body": {
      "success": true,
      "message": {
        "json_class": "Pact::SomethingLike",
        "contents": ""
      },
      "data": {
        "todo": {
          "id": {
            "json_class": "Pact::SomethingLike",
            "contents": "1"
          },
          "name": {
            "json_class": "Pact::SomethingLike",
            "contents": "Buy some milk"
          }
        }
      }
    }
  },
  "metadata": null
}
I, [2021-11-06T21:48:23.671485 #11734]  INFO -- : Received request POST /tasks/add
D, [2021-11-06T21:48:23.671618 #11734] DEBUG -- : {
  "path": "/tasks/add",
  "query": "",
  "method": "post",
  "body": {
    "name": "Buy some milk"
  },
  "headers": {
    "Content-Length": "24",
    "Content-Type": "application/json",
    "Accept": "application/json, text/plain, */*",
    "Referer": "http://localhost/",
    "User-Agent": "Mozilla/5.0 (darwin) AppleWebKit/537.36 (KHTML, like Gecko) jsdom/15.2.1",
    "Accept-Language": "en",
    "Origin": "http://localhost",
    "Host": "localhost:9001",
    "Accept-Encoding": "gzip, deflate",
    "Connection": "keep-alive",
    "Version": "HTTP/1.1"
  }
}
I, [2021-11-06T21:48:23.672089 #11734]  INFO -- : Found matching response for POST /tasks/add
D, [2021-11-06T21:48:23.672200 #11734] DEBUG -- : {
  "status": 201,
  "headers": {
  },
  "body": {
    "success": true,
    "message": {
      "json_class": "Pact::SomethingLike",
      "contents": ""
    },
    "data": {
      "todo": {
        "id": {
          "json_class": "Pact::SomethingLike",
          "contents": "1"
        },
        "name": {
          "json_class": "Pact::SomethingLike",
          "contents": "Buy some milk"
        }
      }
    }
  }
}
I, [2021-11-06T21:48:23.678581 #11734]  INFO -- : Verifying - interactions matched
I, [2021-11-06T21:48:23.682234 #11734]  INFO -- : Cleared interactions
I, [2021-11-06T21:48:23.685762 #11734]  INFO -- : Merging interactions into pact for backend at /Users/mehmet.yuksel/Desktop/Todo-TDD/frontend/pact/pacts/frontend-backend.json
